Analysis & Synthesis report for FinalCircuit
Sun Dec 14 20:11:42 2014
Quartus II 64-Bit Version 13.0.1 Build 232 06/12/2013 Service Pack 1 SJ Full Version


---------------------
; Table of Contents ;
---------------------
  1. Legal Notice
  2. Analysis & Synthesis Summary
  3. Analysis & Synthesis Settings
  4. Parallel Compilation
  5. Analysis & Synthesis Source Files Read
  6. Analysis & Synthesis Resource Usage Summary
  7. Analysis & Synthesis Resource Utilization by Entity
  8. User-Specified and Inferred Latches
  9. General Register Statistics
 10. Parameter Settings for User Entity Instance: 7485:inst5
 11. Elapsed Time Per Partition
 12. Analysis & Synthesis Messages



----------------
; Legal Notice ;
----------------
Copyright (C) 1991-2013 Altera Corporation
Your use of Altera Corporation's design tools, logic functions 
and other software and tools, and its AMPP partner logic 
functions, and any output files from any of the foregoing 
(including device programming or simulation files), and any 
associated documentation or information are expressly subject 
to the terms and conditions of the Altera Program License 
Subscription Agreement, Altera MegaCore Function License 
Agreement, or other applicable license agreement, including, 
without limitation, that your use is for the sole purpose of 
programming logic devices manufactured by Altera and sold by 
Altera or its authorized distributors.  Please refer to the 
applicable agreement for further details.



+---------------------------------------------------------------------------------------+
; Analysis & Synthesis Summary                                                          ;
+------------------------------------+--------------------------------------------------+
; Analysis & Synthesis Status        ; Successful - Sun Dec 14 20:11:41 2014            ;
; Quartus II 64-Bit Version          ; 13.0.1 Build 232 06/12/2013 SP 1 SJ Full Version ;
; Revision Name                      ; FinalCircuit                                     ;
; Top-level Entity Name              ; FinalCircuit                                     ;
; Family                             ; Cyclone II                                       ;
; Total logic elements               ; 126                                              ;
;     Total combinational functions  ; 126                                              ;
;     Dedicated logic registers      ; 66                                               ;
; Total registers                    ; 66                                               ;
; Total pins                         ; 44                                               ;
; Total virtual pins                 ; 0                                                ;
; Total memory bits                  ; 0                                                ;
; Embedded Multiplier 9-bit elements ; 0                                                ;
; Total PLLs                         ; 0                                                ;
+------------------------------------+--------------------------------------------------+


+----------------------------------------------------------------------------------------------------------------------+
; Analysis & Synthesis Settings                                                                                        ;
+----------------------------------------------------------------------------+--------------------+--------------------+
; Option                                                                     ; Setting            ; Default Value      ;
+----------------------------------------------------------------------------+--------------------+--------------------+
; Device                                                                     ; EP2C35F672C6       ;                    ;
; Top-level entity name                                                      ; FinalCircuit       ; FinalCircuit       ;
; Family name                                                                ; Cyclone II         ; Cyclone IV GX      ;
; Use smart compilation                                                      ; Off                ; Off                ;
; Enable parallel Assembler and TimeQuest Timing Analyzer during compilation ; On                 ; On                 ;
; Enable compact report table                                                ; Off                ; Off                ;
; Restructure Multiplexers                                                   ; Auto               ; Auto               ;
; Create Debugging Nodes for IP Cores                                        ; Off                ; Off                ;
; Preserve fewer node names                                                  ; On                 ; On                 ;
; Disable OpenCore Plus hardware evaluation                                  ; Off                ; Off                ;
; Verilog Version                                                            ; Verilog_2001       ; Verilog_2001       ;
; VHDL Version                                                               ; VHDL_1993          ; VHDL_1993          ;
; State Machine Processing                                                   ; Auto               ; Auto               ;
; Safe State Machine                                                         ; Off                ; Off                ;
; Extract Verilog State Machines                                             ; On                 ; On                 ;
; Extract VHDL State Machines                                                ; On                 ; On                 ;
; Ignore Verilog initial constructs                                          ; Off                ; Off                ;
; Iteration limit for constant Verilog loops                                 ; 5000               ; 5000               ;
; Iteration limit for non-constant Verilog loops                             ; 250                ; 250                ;
; Add Pass-Through Logic to Inferred RAMs                                    ; On                 ; On                 ;
; Infer RAMs from Raw Logic                                                  ; On                 ; On                 ;
; Parallel Synthesis                                                         ; On                 ; On                 ;
; DSP Block Balancing                                                        ; Auto               ; Auto               ;
; NOT Gate Push-Back                                                         ; On                 ; On                 ;
; Power-Up Don't Care                                                        ; On                 ; On                 ;
; Remove Redundant Logic Cells                                               ; Off                ; Off                ;
; Remove Duplicate Registers                                                 ; On                 ; On                 ;
; Ignore CARRY Buffers                                                       ; Off                ; Off                ;
; Ignore CASCADE Buffers                                                     ; Off                ; Off                ;
; Ignore GLOBAL Buffers                                                      ; Off                ; Off                ;
; Ignore ROW GLOBAL Buffers                                                  ; Off                ; Off                ;
; Ignore LCELL Buffers                                                       ; Off                ; Off                ;
; Ignore SOFT Buffers                                                        ; On                 ; On                 ;
; Limit AHDL Integers to 32 Bits                                             ; Off                ; Off                ;
; Optimization Technique                                                     ; Balanced           ; Balanced           ;
; Carry Chain Length                                                         ; 70                 ; 70                 ;
; Auto Carry Chains                                                          ; On                 ; On                 ;
; Auto Open-Drain Pins                                                       ; On                 ; On                 ;
; Perform WYSIWYG Primitive Resynthesis                                      ; Off                ; Off                ;
; Auto ROM Replacement                                                       ; On                 ; On                 ;
; Auto RAM Replacement                                                       ; On                 ; On                 ;
; Auto Shift Register Replacement                                            ; Auto               ; Auto               ;
; Allow Shift Register Merging across Hierarchies                            ; Auto               ; Auto               ;
; Auto Clock Enable Replacement                                              ; On                 ; On                 ;
; Strict RAM Replacement                                                     ; Off                ; Off                ;
; Allow Synchronous Control Signals                                          ; On                 ; On                 ;
; Force Use of Synchronous Clear Signals                                     ; Off                ; Off                ;
; Auto RAM to Logic Cell Conversion                                          ; Off                ; Off                ;
; Auto Resource Sharing                                                      ; Off                ; Off                ;
; Allow Any RAM Size For Recognition                                         ; Off                ; Off                ;
; Allow Any ROM Size For Recognition                                         ; Off                ; Off                ;
; Allow Any Shift Register Size For Recognition                              ; Off                ; Off                ;
; Use LogicLock Constraints during Resource Balancing                        ; On                 ; On                 ;
; Ignore translate_off and synthesis_off directives                          ; Off                ; Off                ;
; Timing-Driven Synthesis                                                    ; Off                ; Off                ;
; Report Parameter Settings                                                  ; On                 ; On                 ;
; Report Source Assignments                                                  ; On                 ; On                 ;
; Report Connectivity Checks                                                 ; On                 ; On                 ;
; Ignore Maximum Fan-Out Assignments                                         ; Off                ; Off                ;
; Synchronization Register Chain Length                                      ; 2                  ; 2                  ;
; PowerPlay Power Optimization                                               ; Normal compilation ; Normal compilation ;
; HDL message level                                                          ; Level2             ; Level2             ;
; Suppress Register Optimization Related Messages                            ; Off                ; Off                ;
; Number of Removed Registers Reported in Synthesis Report                   ; 5000               ; 5000               ;
; Number of Swept Nodes Reported in Synthesis Report                         ; 5000               ; 5000               ;
; Number of Inverted Registers Reported in Synthesis Report                  ; 100                ; 100                ;
; Clock MUX Protection                                                       ; On                 ; On                 ;
; Auto Gated Clock Conversion                                                ; Off                ; Off                ;
; Block Design Naming                                                        ; Auto               ; Auto               ;
; SDC constraint protection                                                  ; Off                ; Off                ;
; Synthesis Effort                                                           ; Auto               ; Auto               ;
; Shift Register Replacement - Allow Asynchronous Clear Signal               ; On                 ; On                 ;
; Pre-Mapping Resynthesis Optimization                                       ; Off                ; Off                ;
; Analysis & Synthesis Message Level                                         ; Medium             ; Medium             ;
; Disable Register Merging Across Hierarchies                                ; Auto               ; Auto               ;
; Resource Aware Inference For Block RAM                                     ; On                 ; On                 ;
; Synthesis Seed                                                             ; 1                  ; 1                  ;
+----------------------------------------------------------------------------+--------------------+--------------------+


+------------------------------------------+
; Parallel Compilation                     ;
+----------------------------+-------------+
; Processors                 ; Number      ;
+----------------------------+-------------+
; Number detected on machine ; 8           ;
; Maximum allowed            ; 4           ;
;                            ;             ;
; Average used               ; 1.00        ;
; Maximum used               ; 1           ;
;                            ;             ;
; Usage by Processor         ; % Time Used ;
;     Processor 1            ; 100.0%      ;
;     Processors 2-8         ;   0.0%      ;
+----------------------------+-------------+


+-----------------------------------------------------------------------------------------------------------------------------------------------------------------------+
; Analysis & Synthesis Source Files Read                                                                                                                                ;
+--------------------------------------+-----------------+------------------------------------+---------------------------------------------------------------+---------+
; File Name with User-Entered Path     ; Used in Netlist ; File Type                          ; File Name with Absolute Path                                  ; Library ;
+--------------------------------------+-----------------+------------------------------------+---------------------------------------------------------------+---------+
; ../FreqDivider/FreqDivider.bdf       ; yes             ; User Block Diagram/Schematic File  ; E:/155/Final Project/FreqDivider/FreqDivider.bdf              ;         ;
; ../MOD 10/mod_10_Lab6.bdf            ; yes             ; User Block Diagram/Schematic File  ; E:/155/Final Project/MOD 10/mod_10_Lab6.bdf                   ;         ;
; ../MOD 5/mod5_lab6/mod5_lab6.bdf     ; yes             ; User Block Diagram/Schematic File  ; E:/155/Final Project/MOD 5/mod5_lab6/mod5_lab6.bdf            ;         ;
; ../Decoder/Decoder.bdf               ; yes             ; User Block Diagram/Schematic File  ; E:/155/Final Project/Decoder/Decoder.bdf                      ;         ;
; ../MinorSense/MinorSense.bdf         ; yes             ; User Block Diagram/Schematic File  ; E:/155/Final Project/MinorSense/MinorSense.bdf                ;         ;
; ../MajorSense/MajorSense.bdf         ; yes             ; User Block Diagram/Schematic File  ; E:/155/Final Project/MajorSense/MajorSense.bdf                ;         ;
; ../ChromaticSense/ChromaticSense.bdf ; yes             ; User Block Diagram/Schematic File  ; E:/155/Final Project/ChromaticSense/ChromaticSense.bdf        ;         ;
; FinalCircuit.bdf                     ; yes             ; User Block Diagram/Schematic File  ; E:/155/Final Project/FinalCircuit/FinalCircuit.bdf            ;         ;
; 7485.tdf                             ; yes             ; Megafunction                       ; c:/altera/13.0sp1/quartus/libraries/others/maxplus2/7485.tdf  ;         ;
; aglobal.inc                          ; yes             ; Megafunction                       ; c:/altera/13.0sp1/quartus/libraries/megafunctions/aglobal.inc ;         ;
; f7485.bdf                            ; yes             ; Megafunction                       ; c:/altera/13.0sp1/quartus/libraries/others/maxplus2/f7485.bdf ;         ;
; 7447.bdf                             ; yes             ; Megafunction                       ; c:/altera/13.0sp1/quartus/libraries/others/maxplus2/7447.bdf  ;         ;
; 7483.bdf                             ; yes             ; Megafunction                       ; c:/altera/13.0sp1/quartus/libraries/others/maxplus2/7483.bdf  ;         ;
+--------------------------------------+-----------------+------------------------------------+---------------------------------------------------------------+---------+


+------------------------------------------------------+
; Analysis & Synthesis Resource Usage Summary          ;
+---------------------------------------------+--------+
; Resource                                    ; Usage  ;
+---------------------------------------------+--------+
; Estimated Total logic elements              ; 126    ;
;                                             ;        ;
; Total combinational functions               ; 126    ;
; Logic element usage by number of LUT inputs ;        ;
;     -- 4 input functions                    ; 63     ;
;     -- 3 input functions                    ; 44     ;
;     -- <=2 input functions                  ; 19     ;
;                                             ;        ;
; Logic elements by mode                      ;        ;
;     -- normal mode                          ; 126    ;
;     -- arithmetic mode                      ; 0      ;
;                                             ;        ;
; Total registers                             ; 66     ;
;     -- Dedicated logic registers            ; 66     ;
;     -- I/O registers                        ; 0      ;
;                                             ;        ;
; I/O pins                                    ; 44     ;
; Embedded Multiplier 9-bit elements          ; 0      ;
; Maximum fan-out node                        ; FRQClr ;
; Maximum fan-out                             ; 32     ;
; Total fan-out                               ; 637    ;
; Average fan-out                             ; 2.70   ;
+---------------------------------------------+--------+


+------------------------------------------------------------------------------------------------------------------------------------------------------------------------------------------------------------+
; Analysis & Synthesis Resource Utilization by Entity                                                                                                                                                        ;
+----------------------------+-------------------+--------------+-------------+--------------+---------+-----------+------+--------------+----------------------------------------------------+--------------+
; Compilation Hierarchy Node ; LC Combinationals ; LC Registers ; Memory Bits ; DSP Elements ; DSP 9x9 ; DSP 18x18 ; Pins ; Virtual Pins ; Full Hierarchy Name                                ; Library Name ;
+----------------------------+-------------------+--------------+-------------+--------------+---------+-----------+------+--------------+----------------------------------------------------+--------------+
; |FinalCircuit              ; 126 (13)          ; 66 (0)       ; 0           ; 0            ; 0       ; 0         ; 44   ; 0            ; |FinalCircuit                                      ; work         ;
;    |7447:inst30|           ; 8 (8)             ; 0 (0)        ; 0           ; 0            ; 0       ; 0         ; 0    ; 0            ; |FinalCircuit|7447:inst30                          ; work         ;
;    |7447:inst32|           ; 8 (8)             ; 0 (0)        ; 0           ; 0            ; 0       ; 0         ; 0    ; 0            ; |FinalCircuit|7447:inst32                          ; work         ;
;    |7447:inst75|           ; 7 (7)             ; 0 (0)        ; 0           ; 0            ; 0       ; 0         ; 0    ; 0            ; |FinalCircuit|7447:inst75                          ; work         ;
;    |7447:inst89|           ; 7 (7)             ; 0 (0)        ; 0           ; 0            ; 0       ; 0         ; 0    ; 0            ; |FinalCircuit|7447:inst89                          ; work         ;
;    |7483:inst33|           ; 7 (7)             ; 0 (0)        ; 0           ; 0            ; 0       ; 0         ; 0    ; 0            ; |FinalCircuit|7483:inst33                          ; work         ;
;    |7485:inst5|            ; 7 (0)             ; 0 (0)        ; 0           ; 0            ; 0       ; 0         ; 0    ; 0            ; |FinalCircuit|7485:inst5                           ; work         ;
;       |f7485:sub|          ; 7 (7)             ; 0 (0)        ; 0           ; 0            ; 0       ; 0         ; 0    ; 0            ; |FinalCircuit|7485:inst5|f7485:sub                 ; work         ;
;    |ChromaticSense:inst28| ; 5 (5)             ; 5 (5)        ; 0           ; 0            ; 0       ; 0         ; 0    ; 0            ; |FinalCircuit|ChromaticSense:inst28                ; work         ;
;    |Decoder:inst4|         ; 4 (4)             ; 0 (0)        ; 0           ; 0            ; 0       ; 0         ; 0    ; 0            ; |FinalCircuit|Decoder:inst4                        ; work         ;
;    |FreqDivider:inst10|    ; 39 (0)            ; 39 (0)       ; 0           ; 0            ; 0       ; 0         ; 0    ; 0            ; |FinalCircuit|FreqDivider:inst10                   ; work         ;
;       |mod5_lab6:inst|     ; 4 (4)             ; 4 (4)        ; 0           ; 0            ; 0       ; 0         ; 0    ; 0            ; |FinalCircuit|FreqDivider:inst10|mod5_lab6:inst    ; work         ;
;       |mod_10_Lab6:inst1|  ; 5 (5)             ; 5 (5)        ; 0           ; 0            ; 0       ; 0         ; 0    ; 0            ; |FinalCircuit|FreqDivider:inst10|mod_10_Lab6:inst1 ; work         ;
;       |mod_10_Lab6:inst2|  ; 5 (5)             ; 5 (5)        ; 0           ; 0            ; 0       ; 0         ; 0    ; 0            ; |FinalCircuit|FreqDivider:inst10|mod_10_Lab6:inst2 ; work         ;
;       |mod_10_Lab6:inst3|  ; 5 (5)             ; 5 (5)        ; 0           ; 0            ; 0       ; 0         ; 0    ; 0            ; |FinalCircuit|FreqDivider:inst10|mod_10_Lab6:inst3 ; work         ;
;       |mod_10_Lab6:inst4|  ; 5 (5)             ; 5 (5)        ; 0           ; 0            ; 0       ; 0         ; 0    ; 0            ; |FinalCircuit|FreqDivider:inst10|mod_10_Lab6:inst4 ; work         ;
;       |mod_10_Lab6:inst5|  ; 5 (5)             ; 5 (5)        ; 0           ; 0            ; 0       ; 0         ; 0    ; 0            ; |FinalCircuit|FreqDivider:inst10|mod_10_Lab6:inst5 ; work         ;
;       |mod_10_Lab6:inst6|  ; 5 (5)             ; 5 (5)        ; 0           ; 0            ; 0       ; 0         ; 0    ; 0            ; |FinalCircuit|FreqDivider:inst10|mod_10_Lab6:inst6 ; work         ;
;       |mod_10_Lab6:inst7|  ; 5 (5)             ; 5 (5)        ; 0           ; 0            ; 0       ; 0         ; 0    ; 0            ; |FinalCircuit|FreqDivider:inst10|mod_10_Lab6:inst7 ; work         ;
;    |MajorSense:inst26|     ; 5 (5)             ; 5 (5)        ; 0           ; 0            ; 0       ; 0         ; 0    ; 0            ; |FinalCircuit|MajorSense:inst26                    ; work         ;
;    |MinorSense:inst27|     ; 5 (5)             ; 5 (5)        ; 0           ; 0            ; 0       ; 0         ; 0    ; 0            ; |FinalCircuit|MinorSense:inst27                    ; work         ;
;    |mod_10_Lab6:inst29|    ; 3 (3)             ; 4 (4)        ; 0           ; 0            ; 0       ; 0         ; 0    ; 0            ; |FinalCircuit|mod_10_Lab6:inst29                   ; work         ;
;    |mod_10_Lab6:inst31|    ; 4 (4)             ; 4 (4)        ; 0           ; 0            ; 0       ; 0         ; 0    ; 0            ; |FinalCircuit|mod_10_Lab6:inst31                   ; work         ;
;    |mod_10_Lab6:inst77|    ; 4 (4)             ; 4 (4)        ; 0           ; 0            ; 0       ; 0         ; 0    ; 0            ; |FinalCircuit|mod_10_Lab6:inst77                   ; work         ;
+----------------------------+-------------------+--------------+-------------+--------------+---------+-----------+------+--------------+----------------------------------------------------+--------------+
Note: For table entries with two numbers listed, the numbers in parentheses indicate the number of resources of the given type used by the specific entity alone. The numbers listed outside of parentheses indicate the total resources of the given type used by the specific entity and all of its sub-entities in the hierarchy.


+---------------------------------------------------------------------------------------------------+
; User-Specified and Inferred Latches                                                               ;
+----------------------------------------------------+---------------------+------------------------+
; Latch Name                                         ; Latch Enable Signal ; Free of Timing Hazards ;
+----------------------------------------------------+---------------------+------------------------+
; inst14                                             ; ENABLE              ; yes                    ;
; inst                                               ; ENABLE              ; yes                    ;
; inst12                                             ; ENABLE              ; yes                    ;
; inst13                                             ; ENABLE              ; yes                    ;
; inst16                                             ; ENABLE              ; yes                    ;
; inst17                                             ; ENABLE              ; yes                    ;
; inst15                                             ; ENABLE              ; yes                    ;
; inst18                                             ; ENABLE              ; yes                    ;
; Number of user-specified and inferred latches = 8  ;                     ;                        ;
+----------------------------------------------------+---------------------+------------------------+
Note: All latches listed above may not be present at the end of synthesis due to various synthesis optimizations.


+------------------------------------------------------+
; General Register Statistics                          ;
+----------------------------------------------+-------+
; Statistic                                    ; Value ;
+----------------------------------------------+-------+
; Total registers                              ; 66    ;
; Number of registers using Synchronous Clear  ; 0     ;
; Number of registers using Synchronous Load   ; 0     ;
; Number of registers using Asynchronous Clear ; 59    ;
; Number of registers using Asynchronous Load  ; 0     ;
; Number of registers using Clock Enable       ; 1     ;
; Number of registers using Preset             ; 0     ;
+----------------------------------------------+-------+


+---------------------------------------------------------+
; Parameter Settings for User Entity Instance: 7485:inst5 ;
+------------------------+------------+-------------------+
; Parameter Name         ; Value      ; Type              ;
+------------------------+------------+-------------------+
; DEVICE_FAMILY          ; Cyclone II ; Untyped           ;
; AUTO_CARRY_CHAINS      ; ON         ; AUTO_CARRY        ;
; IGNORE_CARRY_BUFFERS   ; OFF        ; IGNORE_CARRY      ;
; AUTO_CASCADE_CHAINS    ; ON         ; AUTO_CASCADE      ;
; IGNORE_CASCADE_BUFFERS ; OFF        ; IGNORE_CASCADE    ;
+------------------------+------------+-------------------+
Note: In order to hide this table in the UI and the text report file, please set the "Show Parameter Settings in Synthesis Report" option in "Analysis and Synthesis Settings -> More Settings" to "Off".


+-------------------------------+
; Elapsed Time Per Partition    ;
+----------------+--------------+
; Partition Name ; Elapsed Time ;
+----------------+--------------+
; Top            ; 00:00:01     ;
+----------------+--------------+


+-------------------------------+
; Analysis & Synthesis Messages ;
+-------------------------------+
Info: *******************************************************************
Info: Running Quartus II 64-Bit Analysis & Synthesis
    Info: Version 13.0.1 Build 232 06/12/2013 Service Pack 1 SJ Full Version
    Info: Processing started: Sun Dec 14 20:11:26 2014
Info: Command: quartus_map --read_settings_files=on --write_settings_files=off FinalCircuit -c FinalCircuit
Info (11104): Parallel Compilation has detected 8 hyper-threaded processors. However, the extra hyper-threaded processors will not be used by default. Parallel Compilation will use 4 of the 4 physical processors detected instead.
Info (12021): Found 1 design units, including 1 entities, in source file /155/final project/freqdivider/freqdivider.bdf
    Info (12023): Found entity 1: FreqDivider
Info (12021): Found 1 design units, including 1 entities, in source file /155/final project/mod 10/mod_10_lab6.bdf
    Info (12023): Found entity 1: mod_10_Lab6
Info (12021): Found 1 design units, including 1 entities, in source file /155/final project/mod 5/mod5_lab6/mod5_lab6.bdf
    Info (12023): Found entity 1: mod5_lab6
Info (12021): Found 1 design units, including 1 entities, in source file /155/final project/decoder/decoder.bdf
    Info (12023): Found entity 1: Decoder
Info (12021): Found 1 design units, including 1 entities, in source file /155/final project/minorsense/minorsense.bdf
    Info (12023): Found entity 1: MinorSense
Info (12021): Found 1 design units, including 1 entities, in source file /155/final project/majorsense/majorsense.bdf
    Info (12023): Found entity 1: MajorSense
Info (12021): Found 1 design units, including 1 entities, in source file /155/final project/chromaticsense/chromaticsense.bdf
    Info (12023): Found entity 1: ChromaticSense
Info (12021): Found 1 design units, including 1 entities, in source file finalcircuit.bdf
    Info (12023): Found entity 1: FinalCircuit
Info (12127): Elaborating entity "FinalCircuit" for the top level hierarchy
Warning (275009): Pin "TchCLR" not connected
Warning (275008): Primitive "NOT" of instance "inst39" not used
Info (12128): Elaborating entity "ChromaticSense" for hierarchy "ChromaticSense:inst28"
Info (12128): Elaborating entity "Decoder" for hierarchy "Decoder:inst4"
Info (12128): Elaborating entity "FreqDivider" for hierarchy "FreqDivider:inst10"
Info (12128): Elaborating entity "mod_10_Lab6" for hierarchy "FreqDivider:inst10|mod_10_Lab6:inst6"
Info (12128): Elaborating entity "mod5_lab6" for hierarchy "FreqDivider:inst10|mod5_lab6:inst"
Info (12128): Elaborating entity "MajorSense" for hierarchy "MajorSense:inst26"
Info (12128): Elaborating entity "MinorSense" for hierarchy "MinorSense:inst27"
Info (12128): Elaborating entity "7485" for hierarchy "7485:inst5"
Info (12130): Elaborated megafunction instantiation "7485:inst5"
Info (12128): Elaborating entity "f7485" for hierarchy "7485:inst5|f7485:sub"
Info (12131): Elaborated megafunction instantiation "7485:inst5|f7485:sub", which is child of megafunction instantiation "7485:inst5"
Info (12128): Elaborating entity "7447" for hierarchy "7447:inst75"
Info (12130): Elaborated megafunction instantiation "7447:inst75"
Info (12128): Elaborating entity "7483" for hierarchy "7483:inst33"
Info (12130): Elaborated megafunction instantiation "7483:inst33"
Info (13014): Ignored 1 buffer(s)
    Info (13017): Ignored 1 CASCADE buffer(s)
Info (16010): Generating hard_block partition "hard_block:auto_generated_inst"
    Info (16011): Adding 0 node(s), including 0 DDIO, 0 PLL, 0 transceiver and 0 LCELL
Warning (21074): Design contains 1 input pin(s) that do not drive logic
    Warning (15610): No output dependent on input pin "TchCLR"
Info (21057): Implemented 170 device resources after synthesis - the final resource count might be different
    Info (21058): Implemented 11 input pins
    Info (21059): Implemented 33 output pins
    Info (21061): Implemented 126 logic cells
Info: Quartus II 64-Bit Analysis & Synthesis was successful. 0 errors, 4 warnings
    Info: Peak virtual memory: 471 megabytes
    Info: Processing ended: Sun Dec 14 20:11:42 2014
    Info: Elapsed time: 00:00:16
    Info: Total CPU time (on all processors): 00:00:02


